生成启动时间为 2011/11/1 19:55:28。
     1>项目“H:\Kingston\C程序设计\练习\C\1002\1002\1002.vcxproj”在节点 2 上(build 个目标)。
     1>InitializeBuildStatus:
         正在对“Debug\1002.unsuccessfulbuild”执行 Touch 任务。
       ClCompile:
         所有输出均为最新。
         所有输出均为最新。
       ManifestResourceCompile:
         所有输出均为最新。
       Link:
         D:\Visual Studio 2010\VC\bin\link.exe /ERRORREPORT:PROMPT /OUT:"H:\Kingston\C程序设计\练习\C\1002\Debug\1002.exe" /INCREMENTAL /NOLOGO kernel32.lib user32.lib gdi32.lib winspool.lib comdlg32.lib advapi32.lib shell32.lib ole32.lib oleaut32.lib uuid.lib odbc32.lib odbccp32.lib /MANIFEST /ManifestFile:"Debug\1002.exe.intermediate.manifest" /MANIFESTUAC:"level='asInvoker' uiAccess='false'" /DEBUG /PDB:"H:\Kingston\C程序设计\练习\C\1002\Debug\1002.pdb" /SUBSYSTEM:CONSOLE /TLBID:1 /DYNAMICBASE /NXCOMPAT /IMPLIB:"H:\Kingston\C程序设计\练习\C\1002\Debug\1002.lib" /MACHINE:X86 Debug\1002.exe.embed.manifest.res
         Debug\1002.obj
         Debug\stdafx.obj
       Manifest:
         c:\Program Files (x86)\Microsoft SDKs\Windows\v7.0A\bin\mt.exe /nologo /verbose /out:"Debug\1002.exe.embed.manifest" /manifest Debug\1002.exe.intermediate.manifest
         所有输出均为最新。
       LinkEmbedManifest:
         所有输出均为最新。
         1002.vcxproj -> H:\Kingston\C程序设计\练习\C\1002\Debug\1002.exe
       FinalizeBuildStatus:
         正在删除文件“Debug\1002.unsuccessfulbuild”。
         正在对“Debug\1002.lastbuildstate”执行 Touch 任务。
     1>已完成生成项目“H:\Kingston\C程序设计\练习\C\1002\1002\1002.vcxproj”(build 个目标)的操作。

生成成功。

已用时间 00:00:00.90
